<?xml version="1.0" encoding="UTF-8"?>
<!-- Generated by org.testng.reporters.JUnitReportReporter -->
<testsuite hostname="LAPTOP-52IM29O2" failures="0" tests="1" name="com.scripts.mavencrm.loginlogout" time="23.268" errors="0" timestamp="10 Mar 2021 05:45:57 GMT" skipped="0">
  <testcase classname="com.scripts.mavencrm.loginlogout" name="loginandlogout" time="23.268"/>
</testsuite> <!-- com.scripts.mavencrm.loginlogout -->
