<?xml version="1.0" encoding="UTF-8"?>
<!-- Generated by org.testng.reporters.JUnitReportReporter -->
<testsuite hostname="LAPTOP-52IM29O2" failures="0" tests="1" name="com.scripts.mavencrm.editcampaign" time="33.935" errors="0" timestamp="11 Mar 2021 07:49:15 GMT" skipped="0">
  <testcase classname="com.scripts.mavencrm.editcampaign" name="editcampaigns" time="33.935"/>
</testsuite> <!-- com.scripts.mavencrm.editcampaign -->
