<?xml version="1.0" encoding="UTF-8"?>
<!-- Generated by org.testng.reporters.JUnitReportReporter -->
<testsuite hostname="LAPTOP-52IM29O2" failures="0" tests="1" name="com.scripts.mavencrm.campaignpotentialintegration" time="22.275" errors="0" timestamp="16 Mar 2021 19:39:44 GMT" skipped="0">
  <testcase classname="com.scripts.mavencrm.campaignpotentialintegration" name="campaignpotential" time="22.275"/>
</testsuite> <!-- com.scripts.mavencrm.campaignpotentialintegration -->
