<?xml version="1.0" encoding="UTF-8"?>
<!-- Generated by org.testng.reporters.JUnitReportReporter -->
<testsuite hostname="LAPTOP-52IM29O2" failures="0" tests="1" name="com.scripts.mavencrm.clonelead" time="14.846" errors="0" timestamp="15 Mar 2021 19:05:50 GMT" skipped="0">
  <testcase classname="com.scripts.mavencrm.clonelead" name="leadclone" time="14.846"/>
</testsuite> <!-- com.scripts.mavencrm.clonelead -->
