<?xml version="1.0" encoding="UTF-8"?>
<!-- Generated by org.testng.reporters.JUnitReportReporter -->
<testsuite hostname="LAPTOP-52IM29O2" failures="0" tests="1" name="com.scripts.mavencrm.printlead" time="16.245" errors="0" timestamp="17 Mar 2021 08:31:57 GMT" skipped="0">
  <testcase classname="com.scripts.mavencrm.printlead" name="leadprint" time="16.245"/>
</testsuite> <!-- com.scripts.mavencrm.printlead -->
