<?xml version="1.0" encoding="UTF-8"?>
<!-- Generated by org.testng.reporters.JUnitReportReporter -->
<testsuite hostname="LAPTOP-52IM29O2" failures="0" tests="1" name="com.scripts.mavencrm.campaignpotentialintegration" time="45.594" errors="0" timestamp="12 Mar 2021 16:18:29 GMT" skipped="0">
  <testcase classname="com.scripts.mavencrm.campaignpotentialintegration" name="campaignpotential" time="45.594"/>
</testsuite> <!-- com.scripts.mavencrm.campaignpotentialintegration -->
