<?xml version="1.0" encoding="UTF-8"?>
<!-- Generated by org.testng.reporters.JUnitReportReporter -->
<testsuite hostname="LAPTOP-52IM29O2" failures="0" tests="1" name="com.scripts.mavencrm.accountcontactintegration" time="20.963" errors="0" timestamp="17 Mar 2021 17:08:40 GMT" skipped="0">
  <testcase classname="com.scripts.mavencrm.accountcontactintegration" name="integrationaccountcontact" time="20.963"/>
</testsuite> <!-- com.scripts.mavencrm.accountcontactintegration -->
