<?xml version="1.0" encoding="UTF-8"?>
<!-- Generated by org.testng.reporters.JUnitReportReporter -->
<testsuite hostname="LAPTOP-52IM29O2" failures="0" tests="1" name="com.scripts.mavencrm.loginlogout" time="17.222" errors="0" timestamp="08 Mar 2021 17:48:57 GMT" skipped="0">
  <testcase classname="com.scripts.mavencrm.loginlogout" name="loginandlogout" time="17.222"/>
</testsuite> <!-- com.scripts.mavencrm.loginlogout -->
