<?xml version="1.0" encoding="UTF-8"?>
<!-- Generated by org.testng.reporters.JUnitReportReporter -->
<testsuite hostname="LAPTOP-52IM29O2" failures="0" tests="1" name="com.scripts.mavencrm.editcampaign" time="136.421" errors="0" timestamp="12 Mar 2021 05:33:45 GMT" skipped="0">
  <testcase classname="com.scripts.mavencrm.editcampaign" name="editcampaigns" time="136.421"/>
</testsuite> <!-- com.scripts.mavencrm.editcampaign -->
