<?xml version="1.0" encoding="UTF-8"?>
<!-- Generated by org.testng.reporters.JUnitReportReporter -->
<testsuite hostname="LAPTOP-52IM29O2" failures="0" tests="1" name="com.scripts.mavencrm.createaccount" time="19.924" errors="0" timestamp="17 Mar 2021 16:01:56 GMT" skipped="0">
  <testcase classname="com.scripts.mavencrm.createaccount" name="accountcreate" time="19.924"/>
</testsuite> <!-- com.scripts.mavencrm.createaccount -->
