<?xml version="1.0" encoding="UTF-8"?>
<!-- Generated by org.testng.reporters.JUnitReportReporter -->
<testsuite hostname="LAPTOP-52IM29O2" failures="0" tests="1" name="com.scripts.mavencrm.accountpotentialintegration" time="19.024" errors="0" timestamp="17 Mar 2021 15:47:21 GMT" skipped="0">
  <testcase classname="com.scripts.mavencrm.accountpotentialintegration" name="integrationaccountpotential" time="19.024"/>
</testsuite> <!-- com.scripts.mavencrm.accountpotentialintegration -->
